2023-12-25 21:31:34,902 INFO __main__ Impact report data load begins at 2023-12-25 21:31:34.902368...
2023-12-25 21:31:44,930 INFO __main__ The dowbload url is: https://api.impact.com/Advertisers/IRgqMP5TEkmE4304993FGxhxf6x2xHBsb1/Jobs/2dab980a-3bc8-478a-b547-37c77c46f8a8/Download
2023-12-25 21:33:51,725 INFO __main__ File uploaded successfully to impact-performance-data/performance_2023-12-25_21:31:34.csv
2023-12-25 21:34:09,391 INFO snowflake.connector.connection Snowflake Connector for Python Version: 3.1.1, Python Version: 3.9.6, Platform: macOS-14.2.1-arm64-arm-64bit
2023-12-25 21:34:09,392 INFO snowflake.connector.connection This connection is in OCSP Fail Open Mode. TLS Certificates would be checked for validity and revocation status. Any other Certificate Revocation related exceptions or OCSP Responder failures would be disregarded in favor of connectivity.
2023-12-25 21:34:09,392 INFO snowflake.connector.connection Setting use_openssl_only mode to False
2023-12-25 21:34:29,714 INFO snowflake.connector.cursor query: [USE DATABASE STAGE_DB;]
2023-12-25 21:34:29,875 INFO snowflake.connector.cursor query execution done
2023-12-25 21:34:29,877 INFO snowflake.connector.cursor Number of results in first chunk: 1
2023-12-25 21:34:31,109 INFO snowflake.connector.cursor query: [USE SCHEMA GROWTH;]
2023-12-25 21:34:31,252 INFO snowflake.connector.cursor query execution done
2023-12-25 21:34:31,253 INFO snowflake.connector.cursor Number of results in first chunk: 1
2023-12-25 21:34:32,278 INFO snowflake.connector.cursor query: [TRUNCATE TABLE PERFORMANCE_DATA;]
2023-12-25 21:34:32,786 INFO snowflake.connector.cursor query execution done
2023-12-25 21:34:32,787 INFO snowflake.connector.cursor Number of results in first chunk: 1
2023-12-25 21:34:55,835 INFO snowflake.connector.cursor query: [COPY INTO "PERFORMANCE_DATA" FROM @my_stage/performance_2023-12-25_21:31:34.csv ...]
2023-12-25 21:34:57,836 INFO snowflake.connector.cursor query execution done
2023-12-25 21:34:57,837 INFO snowflake.connector.cursor Number of results in first chunk: 1
2023-12-25 21:35:04,779 INFO __main__ Data loaded into Snowflake table successfully.
2023-12-25 21:35:05,486 INFO snowflake.connector.connection closed
2023-12-25 21:35:05,487 INFO snowflake.connector.connection No async queries seem to be running, deleting session
